<?xml version="1.0" encoding="UTF-8"?>
<robot generator="Robot 6.0.2 (Python 3.11.2 on win32)" generated="20230505 22:50:42.529" rpa="false" schemaversion="3">
<suite id="s1" name="Panelscout Robotframework" source="C:\Users\User\Documents\GitHub\panelscout_robotframework">
<suite id="s1-s1" name="Test Login Rf" source="C:\Users\User\Documents\GitHub\panelscout_robotframework\test_login_rf.robot">
<test id="s1-s1-t1" name="Fill in form" line="78">
<kw name="Open login page">
<kw name="Open Browser" library="SeleniumLibrary">
<arg>${LOGIN URL}</arg>
<arg>${BROWSER}</arg>
<doc>Opens a new browser instance to the optional ``url``.</doc>
<msg timestamp="20230505 22:50:42.821" level="INFO">Opening browser 'Chrome' to base url 'https://scouts-test.futbolkolektyw.pl/en'.</msg>
<status status="PASS" starttime="20230505 22:50:42.820" endtime="20230505 22:50:44.534"/>
</kw>
<kw name="Title Should Be" library="SeleniumLibrary">
<arg>Scouts panel - sign in</arg>
<doc>Verifies that the current page title equals ``title``.</doc>
<msg timestamp="20230505 22:50:44.540" level="INFO">Page title is 'Scouts panel - sign in'.</msg>
<status status="PASS" starttime="20230505 22:50:44.535" endtime="20230505 22:50:44.540"/>
</kw>
<status status="PASS" starttime="20230505 22:50:42.820" endtime="20230505 22:50:44.540"/>
</kw>
<kw name="Type in email">
<kw name="Input Text" library="SeleniumLibrary">
<arg>${EMAILINPUT}</arg>
<arg>user07@getnada.com</arg>
<doc>Types the given ``text`` into the text field identified by ``locator``.</doc>
<msg timestamp="20230505 22:50:44.542" level="INFO">Typing text 'user07@getnada.com' into text field 'xpath=//*[@id='login']'.</msg>
<status status="PASS" starttime="20230505 22:50:44.541" endtime="20230505 22:50:44.737"/>
</kw>
<status status="PASS" starttime="20230505 22:50:44.541" endtime="20230505 22:50:44.737"/>
</kw>
<kw name="Type in password">
<kw name="Input Text" library="SeleniumLibrary">
<arg>${PASSWORDINPUT}</arg>
<arg>Test-1234</arg>
<doc>Types the given ``text`` into the text field identified by ``locator``.</doc>
<msg timestamp="20230505 22:50:44.737" level="INFO">Typing text 'Test-1234' into text field 'xpath=//*[@id='password']'.</msg>
<status status="PASS" starttime="20230505 22:50:44.737" endtime="20230505 22:50:44.858"/>
</kw>
<status status="PASS" starttime="20230505 22:50:44.737" endtime="20230505 22:50:44.858"/>
</kw>
<kw name="Click on the submit button">
<kw name="Click Element" library="SeleniumLibrary">
<arg>${SIGNINBUTTON}</arg>
<doc>Click the element identified by ``locator``.</doc>
<msg timestamp="20230505 22:50:44.859" level="INFO">Clicking element 'xpath=//*[(text()='Sign in')]'.</msg>
<status status="PASS" starttime="20230505 22:50:44.859" endtime="20230505 22:50:44.904"/>
</kw>
<status status="PASS" starttime="20230505 22:50:44.859" endtime="20230505 22:50:44.904"/>
</kw>
<kw name="Click on the add player button">
<kw name="Wait Until Element Is Visible" library="SeleniumLibrary">
<arg>${PAGELOGO}</arg>
<doc>Waits until the element ``locator`` is visible.</doc>
<status status="PASS" starttime="20230505 22:50:44.904" endtime="20230505 22:50:46.889"/>
</kw>
<kw name="Click Element" library="SeleniumLibrary">
<arg>${ADD PLAYER BUTTON}</arg>
<doc>Click the element identified by ``locator``.</doc>
<msg timestamp="20230505 22:50:46.889" level="INFO">Clicking element 'xpath=//*[@id='__next']/div[1]/main/div[3]/div[2]/div/div/a/button'.</msg>
<status status="PASS" starttime="20230505 22:50:46.889" endtime="20230505 22:50:46.940"/>
</kw>
<status status="PASS" starttime="20230505 22:50:44.904" endtime="20230505 22:50:46.940"/>
</kw>
<kw name="Fill in form">
<kw name="Wait Until Element Is Visible" library="SeleniumLibrary">
<arg>${SUBMIT BUTTON ADD PLAYER}</arg>
<doc>Waits until the element ``locator`` is visible.</doc>
<status status="PASS" starttime="20230505 22:50:46.941" endtime="20230505 22:50:47.172"/>
</kw>
<kw name="Input Text" library="SeleniumLibrary">
<arg>${PLAYER EMAIL INPUT}</arg>
<arg>marian@amorki.pl</arg>
<doc>Types the given ``text`` into the text field identified by ``locator``.</doc>
<msg timestamp="20230505 22:50:47.172" level="INFO">Typing text 'marian@amorki.pl' into text field 'xpath=//*[@name='email']'.</msg>
<status status="PASS" starttime="20230505 22:50:47.172" endtime="20230505 22:50:47.341"/>
</kw>
<kw name="Input Text" library="SeleniumLibrary">
<arg>${NAMEINPUT}</arg>
<arg>Marian</arg>
<doc>Types the given ``text`` into the text field identified by ``locator``.</doc>
<msg timestamp="20230505 22:50:47.342" level="INFO">Typing text 'Marian' into text field 'xpath=//*[@name='name']'.</msg>
<status status="PASS" starttime="20230505 22:50:47.341" endtime="20230505 22:50:47.465"/>
</kw>
<kw name="Input Text" library="SeleniumLibrary">
<arg>${SURNAMEINPUT}</arg>
<arg>Drozd</arg>
<doc>Types the given ``text`` into the text field identified by ``locator``.</doc>
<msg timestamp="20230505 22:50:47.466" level="INFO">Typing text 'Drozd' into text field 'xpath=//*[@name='surname']'.</msg>
<status status="PASS" starttime="20230505 22:50:47.465" endtime="20230505 22:50:47.593"/>
</kw>
<kw name="Input Text" library="SeleniumLibrary">
<arg>${PHONEINPUT}</arg>
<arg>123456</arg>
<doc>Types the given ``text`` into the text field identified by ``locator``.</doc>
<msg timestamp="20230505 22:50:47.593" level="INFO">Typing text '123456' into text field 'xpath=//*[@name='phone']'.</msg>
<status status="PASS" starttime="20230505 22:50:47.593" endtime="20230505 22:50:47.709"/>
</kw>
<kw name="Input Text" library="SeleniumLibrary">
<arg>${WEIGHTINPUT}</arg>
<arg>80kg</arg>
<doc>Types the given ``text`` into the text field identified by ``locator``.</doc>
<msg timestamp="20230505 22:50:47.709" level="INFO">Typing text '80kg' into text field 'xpath=//*[@type='number'][1]'.</msg>
<status status="PASS" starttime="20230505 22:50:47.709" endtime="20230505 22:50:47.812"/>
</kw>
<kw name="Input Text" library="SeleniumLibrary">
<arg>${HEIGHTINPUT}</arg>
<arg>180</arg>
<doc>Types the given ``text`` into the text field identified by ``locator``.</doc>
<msg timestamp="20230505 22:50:47.813" level="INFO">Typing text '180' into text field 'xpath=//*[@name='height']'.</msg>
<status status="PASS" starttime="20230505 22:50:47.813" endtime="20230505 22:50:47.917"/>
</kw>
<kw name="Input Text" library="SeleniumLibrary">
<arg>${AGEINPUT}</arg>
<arg>01.01.2001</arg>
<doc>Types the given ``text`` into the text field identified by ``locator``.</doc>
<msg timestamp="20230505 22:50:47.918" level="INFO">Typing text '01.01.2001' into text field 'xpath=//*[@name='age']'.</msg>
<status status="PASS" starttime="20230505 22:50:47.917" endtime="20230505 22:50:48.020"/>
</kw>
<kw name="Input Text" library="SeleniumLibrary">
<arg>${MAIN POSITION INPUT}</arg>
<arg>Napastnik</arg>
<doc>Types the given ``text`` into the text field identified by ``locator``.</doc>
<msg timestamp="20230505 22:50:48.022" level="INFO">Typing text 'Napastnik' into text field 'xpath=//*[@name='mainPosition']'.</msg>
<status status="PASS" starttime="20230505 22:50:48.020" endtime="20230505 22:50:48.142"/>
</kw>
<kw name="Input Text" library="SeleniumLibrary">
<arg>${MAIN CLUB INPUT}</arg>
<arg>Liverpool</arg>
<doc>Types the given ``text`` into the text field identified by ``locator``.</doc>
<msg timestamp="20230505 22:50:48.142" level="INFO">Typing text 'Liverpool' into text field 'xpath=//*[@name='club']'.</msg>
<status status="PASS" starttime="20230505 22:50:48.142" endtime="20230505 22:50:48.275"/>
</kw>
<kw name="Input Text" library="SeleniumLibrary">
<arg>${ACHIEVEMENTS INPUT}</arg>
<arg>brak</arg>
<doc>Types the given ``text`` into the text field identified by ``locator``.</doc>
<msg timestamp="20230505 22:50:48.276" level="INFO">Typing text 'brak' into text field 'xpath=//*[@name='achievements']'.</msg>
<status status="PASS" starttime="20230505 22:50:48.275" endtime="20230505 22:50:48.374"/>
</kw>
<kw name="Input Text" library="SeleniumLibrary">
<arg>${SECOND POSITION}</arg>
<arg>Bramkarz</arg>
<doc>Types the given ``text`` into the text field identified by ``locator``.</doc>
<msg timestamp="20230505 22:50:48.374" level="INFO">Typing text 'Bramkarz' into text field 'xpath=//*[@name='secondPosition']'.</msg>
<status status="PASS" starttime="20230505 22:50:48.374" endtime="20230505 22:50:48.500"/>
</kw>
<kw name="Click Element" library="SeleniumLibrary">
<arg>${CHOOSE LEG BUTTON}</arg>
<doc>Click the element identified by ``locator``.</doc>
<msg timestamp="20230505 22:50:48.501" level="INFO">Clicking element 'xpath=//*[@id = 'mui-component-select-leg']'.</msg>
<status status="PASS" starttime="20230505 22:50:48.500" endtime="20230505 22:50:48.564"/>
</kw>
<kw name="Click Element" library="SeleniumLibrary">
<arg>${CHOOSE RIGHT LEG}</arg>
<doc>Click the element identified by ``locator``.</doc>
<msg timestamp="20230505 22:50:48.565" level="INFO">Clicking element 'xpath=//*[@data-value='right']'.</msg>
<status status="PASS" starttime="20230505 22:50:48.564" endtime="20230505 22:50:48.621"/>
</kw>
<kw name="Click Element" library="SeleniumLibrary">
<arg>${CHOOSE DISTRICT BUTTON}</arg>
<doc>Click the element identified by ``locator``.</doc>
<msg timestamp="20230505 22:50:48.623" level="INFO">Clicking element 'xpath=//*[@id='mui-component-select-district']'.</msg>
<status status="PASS" starttime="20230505 22:50:48.621" endtime="20230505 22:50:48.879"/>
</kw>
<kw name="Click Element" library="SeleniumLibrary">
<arg>${CHOOSE DISTRICT}</arg>
<doc>Click the element identified by ``locator``.</doc>
<msg timestamp="20230505 22:50:48.880" level="INFO">Clicking element 'xpath=//*[@data-value='lubelskie']'.</msg>
<status status="PASS" starttime="20230505 22:50:48.879" endtime="20230505 22:50:48.945"/>
</kw>
<kw name="Click Element" library="SeleniumLibrary">
<arg>${PLAYER LANGUAGE BUTTON}</arg>
<doc>Click the element identified by ``locator``.</doc>
<msg timestamp="20230505 22:50:48.946" level="INFO">Clicking element 'xpath=//*[@aria-label='Add language']'.</msg>
<status status="PASS" starttime="20230505 22:50:48.945" endtime="20230505 22:50:49.339"/>
</kw>
<kw name="Input Text" library="SeleniumLibrary">
<arg>${PLAYER LANGUAGE INPUT}</arg>
<arg>English</arg>
<doc>Types the given ``text`` into the text field identified by ``locator``.</doc>
<msg timestamp="20230505 22:50:49.340" level="INFO">Typing text 'English' into text field 'xpath=//*[@name='languages[0]']'.</msg>
<status status="PASS" starttime="20230505 22:50:49.340" endtime="20230505 22:50:49.460"/>
</kw>
<kw name="Click Element" library="SeleniumLibrary">
<arg>${ADD LINK TO YOUTUBE BUTTON}</arg>
<doc>Click the element identified by ``locator``.</doc>
<msg timestamp="20230505 22:50:49.460" level="INFO">Clicking element 'xpath=//*[@aria-label='Add link to Youtube']'.</msg>
<status status="PASS" starttime="20230505 22:50:49.460" endtime="20230505 22:50:49.524"/>
</kw>
<kw name="Wait Until Element Is Visible" library="SeleniumLibrary">
<arg>${YOUTUBE LINK INPUT}</arg>
<doc>Waits until the element ``locator`` is visible.</doc>
<status status="PASS" starttime="20230505 22:50:49.524" endtime="20230505 22:50:49.542"/>
</kw>
<kw name="Input Text" library="SeleniumLibrary">
<arg>${YOUTUBE LINK INPUT}</arg>
<arg>none</arg>
<doc>Types the given ``text`` into the text field identified by ``locator``.</doc>
<msg timestamp="20230505 22:50:49.542" level="INFO">Typing text 'none' into text field 'xpath=//*[@name='webYT[0]']'.</msg>
<status status="PASS" starttime="20230505 22:50:49.542" endtime="20230505 22:50:49.658"/>
</kw>
<kw name="Click Element" library="SeleniumLibrary">
<arg>${SUBMIT BUTTON ADD PLAYER}</arg>
<doc>Click the element identified by ``locator``.</doc>
<msg timestamp="20230505 22:50:49.658" level="INFO">Clicking element 'xpath=//*[@type='submit']'.</msg>
<status status="PASS" starttime="20230505 22:50:49.658" endtime="20230505 22:50:49.716"/>
</kw>
<kw name="Wait Until Element Is Visible" library="SeleniumLibrary">
<arg>${SUCESS CONTAINER}</arg>
<doc>Waits until the element ``locator`` is visible.</doc>
<status status="PASS" starttime="20230505 22:50:49.716" endtime="20230505 22:50:49.954"/>
</kw>
<kw name="Click Element" library="SeleniumLibrary">
<arg>${MAIN PAGE BUTTON}</arg>
<doc>Click the element identified by ``locator``.</doc>
<msg timestamp="20230505 22:50:49.955" level="INFO">Clicking element 'xpath=//*[(text()='Main page')]'.</msg>
<status status="PASS" starttime="20230505 22:50:49.954" endtime="20230505 22:50:50.016"/>
</kw>
<status status="PASS" starttime="20230505 22:50:46.941" endtime="20230505 22:50:50.016"/>
</kw>
<kw name="Assert Check last added player">
<kw name="Wait Until Element Is Visible" library="SeleniumLibrary">
<arg>${PAGELOGO}</arg>
<doc>Waits until the element ``locator`` is visible.</doc>
<status status="PASS" starttime="20230505 22:50:50.017" endtime="20230505 22:50:50.247"/>
</kw>
<kw name="Element Text Should Be" library="SeleniumLibrary">
<arg>${LAST ADDED PLAYER}</arg>
<arg>MARIAN DROZD</arg>
<doc>Verifies that element ``locator`` contains exact the text ``expected``.</doc>
<msg timestamp="20230505 22:50:50.248" level="INFO">Verifying element 'xpath=//*[@id="__next"]/div[1]/main/div[3]/div[3]/div/div/a[1]/button' contains exact text 'MARIAN DROZD'.</msg>
<status status="PASS" starttime="20230505 22:50:50.247" endtime="20230505 22:50:50.274"/>
</kw>
<status status="PASS" starttime="20230505 22:50:50.017" endtime="20230505 22:50:50.274"/>
</kw>
<kw name="Close Browser" library="SeleniumLibrary" type="TEARDOWN">
<doc>Closes the current browser.</doc>
<status status="PASS" starttime="20230505 22:50:50.275" endtime="20230505 22:50:52.444"/>
</kw>
<status status="PASS" starttime="20230505 22:50:42.819" endtime="20230505 22:50:52.445"/>
</test>
<doc>Suite description #automated tests for scout website</doc>
<status status="PASS" starttime="20230505 22:50:42.565" endtime="20230505 22:50:52.449"/>
</suite>
<status status="PASS" starttime="20230505 22:50:42.532" endtime="20230505 22:50:52.453"/>
</suite>
<statistics>
<total>
<stat pass="1" fail="0" skip="0">All Tests</stat>
</total>
<tag>
</tag>
<suite>
<stat pass="1" fail="0" skip="0" id="s1" name="Panelscout Robotframework">Panelscout Robotframework</stat>
<stat pass="1" fail="0" skip="0" id="s1-s1" name="Test Login Rf">Panelscout Robotframework.Test Login Rf</stat>
</suite>
</statistics>
<errors>
<msg timestamp="20230505 22:50:42.502" level="ERROR">Error in file 'C:\Users\User\Documents\GitHub\panelscout_robotframework\test_login_rf.robot' on line 5: Setting 'Documentation' is allowed only once. Only the first value is used.</msg>
</errors>
</robot>
